<?xml version="1.0" encoding="UTF-8"?>
<!-- Generated by org.testng.reporters.JUnitReportReporter -->
<testsuite skipped="5" hostname="Manohar-PC" name="generic.TestcaseSuite" tests="6" failures="0" timestamp="02 Dec 2018 23:33:03 GMT" time="0.599" errors="1">
  <testcase name="Test02_Verify_Modification_Of_Existing_ComputerDetails" time="0.000" classname="generic.TestcaseSuite">
    <skipped/>
  </testcase> <!-- Test02_Verify_Modification_Of_Existing_ComputerDetails -->
  <testcase name="Test03_Verify_Validation_Of_Existing_ComputerDetails" time="0.000" classname="generic.TestcaseSuite">
    <skipped/>
  </testcase> <!-- Test03_Verify_Validation_Of_Existing_ComputerDetails -->
  <testcase name="Test04_Verify_Deletion_Of_Existing_ComputerDetails" time="0.000" classname="generic.TestcaseSuite">
    <skipped/>
  </testcase> <!-- Test04_Verify_Deletion_Of_Existing_ComputerDetails -->
  <testcase name="Test01_Verify_Creation_Of_NewComputer_In_Application" time="0.000" classname="generic.TestcaseSuite">
    <skipped/>
  </testcase> <!-- Test01_Verify_Creation_Of_NewComputer_In_Application -->
  <testcase name="Test05_Verify_Search_Of_Computer_With_UniqueName" time="0.000" classname="generic.TestcaseSuite">
    <skipped/>
  </testcase> <!-- Test05_Verify_Search_Of_Computer_With_UniqueName -->
  <testcase name="Initialize" time="0.599" classname="generic.TestcaseSuite">
    <error type="java.lang.NoClassDefFoundError" message="org/apache/commons/collections4/bidimap/TreeBidiMap">
      <![CDATA[java.lang.NoClassDefFoundError: org/apache/commons/collections4/bidimap/TreeBidiMap
at org.apache.poi.hpsf.Section.<init>(Section.java:182)
at org.apache.poi.hpsf.PropertySet.init(PropertySet.java:497)
at org.apache.poi.hpsf.PropertySet.<init>(PropertySet.java:195)
at org.apache.poi.hpsf.DocumentSummaryInformation.<init>(DocumentSummaryInformation.java:111)
at org.apache.poi.hpsf.PropertySetFactory.create(PropertySetFactory.java:115)
at org.apache.poi.POIDocument.getPropertySet(POIDocument.java:226)
at org.apache.poi.POIDocument.getPropertySet(POIDocument.java:185)
at org.apache.poi.POIDocument.readPropertySet(POIDocument.java:160)
at org.apache.poi.POIDocument.readProperties(POIDocument.java:143)
at org.apache.poi.hssf.usermodel.HSSFWorkbook.updateEncryptionInfo(HSSFWorkbook.java:2243)
at org.apache.poi.hssf.usermodel.HSSFWorkbook.getBytes(HSSFWorkbook.java:1465)
at org.apache.poi.hssf.usermodel.HSSFWorkbook.write(HSSFWorkbook.java:1387)
at org.apache.poi.hssf.usermodel.HSSFWorkbook.write(HSSFWorkbook.java:1375)
at generic.Log.logLine(Log.java:136)
at generic.Initialization.Initialize(Initialization.java:94)
at sun.reflect.NativeMethodAccessorImpl.invoke0(Native Method)
at sun.reflect.NativeMethodAccessorImpl.invoke(Unknown Source)
at sun.reflect.DelegatingMethodAccessorImpl.invoke(Unknown Source)
at java.lang.reflect.Method.invoke(Unknown Source)
at org.testng.internal.MethodInvocationHelper.invokeMethod(MethodInvocationHelper.java:124)
at org.testng.internal.MethodInvocationHelper.invokeMethodConsideringTimeout(MethodInvocationHelper.java:59)
at org.testng.internal.Invoker.invokeConfigurationMethod(Invoker.java:455)
at org.testng.internal.Invoker.invokeConfigurations(Invoker.java:222)
at org.testng.internal.Invoker.invokeConfigurations(Invoker.java:142)
at org.testng.SuiteRunner.privateRun(SuiteRunner.java:401)
at org.testng.SuiteRunner.run(SuiteRunner.java:364)
at org.testng.SuiteRunnerWorker.runSuite(SuiteRunnerWorker.java:52)
at org.testng.SuiteRunnerWorker.run(SuiteRunnerWorker.java:84)
at org.testng.TestNG.runSuitesSequentially(TestNG.java:1208)
at org.testng.TestNG.runSuitesLocally(TestNG.java:1137)
at org.testng.TestNG.runSuites(TestNG.java:1049)
at org.testng.TestNG.run(TestNG.java:1017)
at org.testng.remote.AbstractRemoteTestNG.run(AbstractRemoteTestNG.java:114)
at org.testng.remote.RemoteTestNG.initAndRun(RemoteTestNG.java:251)
at org.testng.remote.RemoteTestNG.main(RemoteTestNG.java:77)
Caused by: java.lang.ClassNotFoundException: org.apache.commons.collections4.bidimap.TreeBidiMap
at java.net.URLClassLoader.findClass(Unknown Source)
at java.lang.ClassLoader.loadClass(Unknown Source)
at sun.misc.Launcher$AppClassLoader.loadClass(Unknown Source)
at java.lang.ClassLoader.loadClass(Unknown Source)
... 35 more
]]>
    </error>
  </testcase> <!-- Initialize -->
</testsuite> <!-- generic.TestcaseSuite -->
